Сборка начата 17.05.2024 14:46:49.
Уровень детализации журнала: Normal.     1>Проект "D:\лабораторные работы\кпо\lab10\lab10\lab10.vcxproj" в узле 2 (целевые объекты Build).
     1>PrepareForBuild:
         Создание каталога "D:\лабораторные работы\кпо\lab10\x64\Debug\".
         Создание каталога "x64\Debug\lab10.tlog\".
       InitializeBuildStatus:
         Создание "x64\Debug\lab10.tlog\unsuccessfulbuild", так как было задано "AlwaysCreate".
         Обращение к "x64\Debug\lab10.tlog\unsuccessfulbuild".
       ClCompile:
         C:\Program Files\Microsoft Visual Studio\2022\Community\VC\Tools\MSVC\14.37.32822\bin\HostX64\x64\CL.exe /c /ZI /JMC /nologo /W3 /WX- /diagnostics:column /sdl /Od /D _DEBUG /D _CONSOLE /D _UNICODE /D UNICODE /Gm- /EHsc /RTC1 /MDd /GS /fp:precise /Zc:wchar_t /Zc:forScope /Zc:inline /permissive- /Fo"x64\Debug\\" /Fd"x64\Debug\vc143.pdb" /external:W3 /Gd /TP /FC /errorReport:prompt main.cpp
         main.cpp
     1>D:\лабораторные работы\кпо\lab10\lab10\main.cpp(12,20): warning C4244: инициализация: преобразование "__int64" в "int", возможна потеря данных
     1>D:\лабораторные работы\кпо\lab10\lab10\main.cpp(16,20): warning C4244: инициализация: преобразование "__int64" в "int", возможна потеря данных
       Link:
         C:\Program Files\Microsoft Visual Studio\2022\Community\VC\Tools\MSVC\14.37.32822\bin\HostX64\x64\link.exe /ERRORREPORT:PROMPT /OUT:"D:\лабораторные работы\кпо\lab10\x64\Debug\lab10.exe" /INCREMENTAL /ILK:"x64\Debug\lab10.ilk" /NOLOGO kernel32.lib user32.lib gdi32.lib winspool.lib comdlg32.lib advapi32.lib shell32.lib ole32.lib oleaut32.lib uuid.lib odbc32.lib odbccp32.lib /MANIFEST /MANIFESTUAC:"level='asInvoker' uiAccess='false'" /manifest:embed /DEBUG /PDB:"D:\лабораторные работы\кпо\lab10\x64\Debug\lab10.pdb" /SUBSYSTEM:CONSOLE /TLBID:1 /DYNAMICBASE /NXCOMPAT /IMPLIB:"D:\лабораторные работы\кпо\lab10\x64\Debug\lab10.lib" /MACHINE:X64 x64\Debug\main.obj
         lab10.vcxproj -> D:\лабораторные работы\кпо\lab10\x64\Debug\lab10.exe
       FinalizeBuildStatus:
         Файл "x64\Debug\lab10.tlog\unsuccessfulbuild" удаляется.
         Обращение к "x64\Debug\lab10.tlog\lab10.lastbuildstate".
     1>Сборка проекта "D:\лабораторные работы\кпо\lab10\lab10\lab10.vcxproj" завершена (целевые объекты Build).

Сборка успешно завершена.

       "D:\лабораторные работы\кпо\lab10\lab10\lab10.vcxproj" (целевой объект Build ) (1) ->
       (Целевой объект ClCompile) -> 
         D:\лабораторные работы\кпо\lab10\lab10\main.cpp(12,20): warning C4244: инициализация: преобразование "__int64" в "int", возможна потеря данных
         D:\лабораторные работы\кпо\lab10\lab10\main.cpp(16,20): warning C4244: инициализация: преобразование "__int64" в "int", возможна потеря данных

    Предупреждений: 2
    Ошибок: 0

Прошло времени 00:00:00.94
