Сборка начата 26.04.2024 14:59:30.
Уровень детализации журнала: Normal.     1>Проект "D:\лабораторные работы\кпо\lab_6\SE_Lab06S\SE_Lab06L\SE_Lab06L.vcxproj" в узле 2 (целевые объекты Build).
     1>InitializeBuildStatus:
         Создание "Debug\SE_Lab06L.tlog\unsuccessfulbuild", так как было задано "AlwaysCreate".
         Обращение к "Debug\SE_Lab06L.tlog\unsuccessfulbuild".
       ClCompile:
         C:\Program Files\Microsoft Visual Studio\2022\Community\VC\Tools\MSVC\14.37.32822\bin\HostX86\x86\CL.exe /c /ZI /JMC /nologo /W3 /WX- /diagnostics:column /sdl /Od /Oy- /D WIN32 /D _DEBUG /D _LIB /D _UNICODE /D UNICODE /Gm- /EHsc /RTC1 /MDd /GS /fp:precise /Zc:wchar_t /Zc:forScope /Zc:inline /permissive- /Fo"Debug\\" /Fd"D:\лабораторные работы\кпо\lab_6\SE_Lab06S\Debug\SE_Lab06L.pdb" /external:W3 /Gd /TP /analyze- /FC /errorReport:prompt Dictionary.cpp
         Dictionary.cpp
     1>D:\лабораторные работы\кпо\lab_6\SE_Lab06S\SE_Lab06L\Dictionary.cpp(77): warning C4715: Dictionary::GetEntry: значение возвращается не при всех путях выполнения
       Lib:
         C:\Program Files\Microsoft Visual Studio\2022\Community\VC\Tools\MSVC\14.37.32822\bin\HostX86\x86\Lib.exe /OUT:"D:\лабораторные работы\кпо\lab_6\SE_Lab06S\Debug\SE_Lab06L.lib" /NOLOGO /MACHINE:X86 Debug\Dictionary.obj
         SE_Lab06L.vcxproj -> D:\лабораторные работы\кпо\lab_6\SE_Lab06S\Debug\SE_Lab06L.lib
       TlogCleanup:
         Следующие элементы будут удалены из tlogs, так как они были удалены из проекта или сборки: D:\study(2sem)\KPO\lab\SE_Lab06S\SE_Lab06L\Dictionary.cpp.
       FinalizeBuildStatus:
         Файл "Debug\SE_Lab06L.tlog\unsuccessfulbuild" удаляется.
         Обращение к "Debug\SE_Lab06L.tlog\SE_Lab06L.lastbuildstate".
     1>Сборка проекта "D:\лабораторные работы\кпо\lab_6\SE_Lab06S\SE_Lab06L\SE_Lab06L.vcxproj" завершена (целевые объекты Build).

Сборка успешно завершена.

       "D:\лабораторные работы\кпо\lab_6\SE_Lab06S\SE_Lab06L\SE_Lab06L.vcxproj" (целевой объект Build ) (1) ->
       (Целевой объект ClCompile) -> 
         D:\лабораторные работы\кпо\lab_6\SE_Lab06S\SE_Lab06L\Dictionary.cpp(77): warning C4715: Dictionary::GetEntry: значение возвращается не при всех путях выполнения

    Предупреждений: 1
    Ошибок: 0

Прошло времени 00:00:00.89
