Сборка начата 01.03.2024 15:09:09.
Уровень детализации журнала: Normal.     1>Проект "D:\лабораторные работы\кпо\Lab02\Lab02\Lab02.vcxproj" в узле 2 (целевые объекты Build).
     1>InitializeBuildStatus:
         Создание "x64\Debug\Lab02.tlog\unsuccessfulbuild", так как было задано "AlwaysCreate".
         Обращение к "x64\Debug\Lab02.tlog\unsuccessfulbuild".
       ClCompile:
         C:\Program Files\Microsoft Visual Studio\2022\Community\VC\Tools\MSVC\14.37.32822\bin\HostX64\x64\CL.exe /c /ZI /JMC /nologo /W3 /WX- /diagnostics:column /sdl /Od /D _DEBUG /D _CONSOLE /D _UNICODE /D UNICODE /Gm- /EHsc /RTC1 /MDd /GS /fp:precise /Zc:wchar_t /Zc:forScope /Zc:inline /permissive- /Fo"x64\Debug\\" /Fd"x64\Debug\vc143.pdb" /external:W3 /Gd /TP /FC /errorReport:prompt FileName.cpp
         FileName.cpp
     1>D:\лабораторные работы\кпо\Lab02\Lab02\FileName.cpp(29,38): warning C4309: инициализация: усечение константного значения
     1>D:\лабораторные работы\кпо\Lab02\Lab02\FileName.cpp(59,12): warning C4244: инициализация: преобразование "double" в "int", возможна потеря данных
     1>D:\лабораторные работы\кпо\Lab02\Lab02\FileName.cpp(58): warning C4723: возможное деление на 0
     1>D:\лабораторные работы\кпо\Lab02\Lab02\FileName.cpp(57): warning C4723: возможное деление на 0
       Link:
         C:\Program Files\Microsoft Visual Studio\2022\Community\VC\Tools\MSVC\14.37.32822\bin\HostX64\x64\link.exe /ERRORREPORT:PROMPT /OUT:"D:\лабораторные работы\кпо\Lab02\x64\Debug\Lab02.exe" /INCREMENTAL /ILK:"x64\Debug\Lab02.ilk" /NOLOGO kernel32.lib user32.lib gdi32.lib winspool.lib comdlg32.lib advapi32.lib shell32.lib ole32.lib oleaut32.lib uuid.lib odbc32.lib odbccp32.lib /MANIFEST /MANIFESTUAC:"level='asInvoker' uiAccess='false'" /manifest:embed /DEBUG /PDB:"D:\лабораторные работы\кпо\Lab02\x64\Debug\Lab02.pdb" /SUBSYSTEM:CONSOLE /TLBID:1 /DYNAMICBASE /NXCOMPAT /IMPLIB:"D:\лабораторные работы\кпо\Lab02\x64\Debug\Lab02.lib" /MACHINE:X64 x64\Debug\FileName.obj
         Lab02.vcxproj -> D:\лабораторные работы\кпо\Lab02\x64\Debug\Lab02.exe
       FinalizeBuildStatus:
         Файл "x64\Debug\Lab02.tlog\unsuccessfulbuild" удаляется.
         Обращение к "x64\Debug\Lab02.tlog\Lab02.lastbuildstate".
     1>Сборка проекта "D:\лабораторные работы\кпо\Lab02\Lab02\Lab02.vcxproj" завершена (целевые объекты Build).

Сборка успешно завершена.

       "D:\лабораторные работы\кпо\Lab02\Lab02\Lab02.vcxproj" (целевой объект Build ) (1) ->
       (Целевой объект ClCompile) -> 
         D:\лабораторные работы\кпо\Lab02\Lab02\FileName.cpp(29,38): warning C4309: инициализация: усечение константного значения
         D:\лабораторные работы\кпо\Lab02\Lab02\FileName.cpp(59,12): warning C4244: инициализация: преобразование "double" в "int", возможна потеря данных
         D:\лабораторные работы\кпо\Lab02\Lab02\FileName.cpp(58): warning C4723: возможное деление на 0
         D:\лабораторные работы\кпо\Lab02\Lab02\FileName.cpp(57): warning C4723: возможное деление на 0

    Предупреждений: 4
    Ошибок: 0

Прошло времени 00:00:00.64
