Сборка начата 22.03.2024 14:53:42.
Уровень детализации журнала: Normal.     1>Проект "D:\лабораторные работы\кпо\lab01\lab01\lab01.vcxproj" в узле 2 (целевые объекты Build).
     1>InitializeBuildStatus:
         Создание "x64\Debug\lab01.tlog\unsuccessfulbuild", так как было задано "AlwaysCreate".
         Обращение к "x64\Debug\lab01.tlog\unsuccessfulbuild".
       ClCompile:
         C:\Program Files\Microsoft Visual Studio\2022\Community\VC\Tools\MSVC\14.37.32822\bin\HostX64\x64\CL.exe /c /ZI /JMC /nologo /W3 /WX- /diagnostics:column /sdl /Od /D _DEBUG /D _CONSOLE /D _UNICODE /D UNICODE /Gm- /EHsc /RTC1 /MDd /GS /fp:precise /Zc:wchar_t /Zc:forScope /Zc:inline /permissive- /FAcs /Fa"x64\Debug\\" /Fo"x64\Debug\\" /Fd"x64\Debug\vc143.pdb" /external:W3 /Gd /TP /FC /errorReport:prompt celebration.cpp
         celebration.cpp
       Link:
         C:\Program Files\Microsoft Visual Studio\2022\Community\VC\Tools\MSVC\14.37.32822\bin\HostX64\x64\link.exe /ERRORREPORT:PROMPT /OUT:"D:\лабораторные работы\кпо\lab01\x64\Debug\lab01.exe" /INCREMENTAL /ILK:"x64\Debug\lab01.ilk" /NOLOGO kernel32.lib user32.lib gdi32.lib winspool.lib comdlg32.lib advapi32.lib shell32.lib ole32.lib oleaut32.lib uuid.lib odbc32.lib odbccp32.lib /MANIFEST /MANIFESTUAC:"level='asInvoker' uiAccess='false'" /manifest:embed /DEBUG /PDB:"D:\лабораторные работы\кпо\lab01\x64\Debug\lab01.pdb" /SUBSYSTEM:CONSOLE /TLBID:1 /DYNAMICBASE /NXCOMPAT /IMPLIB:"D:\лабораторные работы\кпо\lab01\x64\Debug\lab01.lib" /MACHINE:X64 x64\Debug\celebration.obj
         x64\Debug\makeLeft.obj
         x64\Debug\checkLeapOrNot.obj
         x64\Debug\checkValidation.obj
         x64\Debug\countDays.obj
         x64\Debug\lab01.obj
         x64\Debug\nameMonth.obj
         lab01.vcxproj -> D:\лабораторные работы\кпо\lab01\x64\Debug\lab01.exe
       FinalizeBuildStatus:
         Файл "x64\Debug\lab01.tlog\unsuccessfulbuild" удаляется.
         Обращение к "x64\Debug\lab01.tlog\lab01.lastbuildstate".
     1>Сборка проекта "D:\лабораторные работы\кпо\lab01\lab01\lab01.vcxproj" завершена (целевые объекты Build).

Сборка успешно завершена.
    Предупреждений: 0
    Ошибок: 0

Прошло времени 00:00:01.75
