Сборка начата 10.05.2024 15:06:46.
Уровень детализации журнала: Normal.     1>Проект "D:\лабораторные работы\кпо\lab08\lab08\lab08.vcxproj" в узле 2 (целевые объекты Build).
     1>PrepareForBuild:
         Создание каталога "D:\лабораторные работы\кпо\lab08\x64\Debug\".
         Создание каталога "x64\Debug\lab08.tlog\".
       InitializeBuildStatus:
         Создание "x64\Debug\lab08.tlog\unsuccessfulbuild", так как было задано "AlwaysCreate".
         Обращение к "x64\Debug\lab08.tlog\unsuccessfulbuild".
       ClCompile:
         C:\Program Files\Microsoft Visual Studio\2022\Community\VC\Tools\MSVC\14.37.32822\bin\HostX64\x64\CL.exe /c /ZI /JMC /nologo /W3 /WX- /diagnostics:column /sdl /Od /D _DEBUG /D _CONSOLE /D _UNICODE /D UNICODE /Gm- /EHsc /RTC1 /MDd /GS /fp:precise /Zc:wchar_t /Zc:forScope /Zc:inline /permissive- /Fo"x64\Debug\\" /Fd"x64\Debug\vc143.pdb" /external:W3 /Gd /TP /FC /errorReport:prompt 1.cpp
         1.cpp
       Link:
         C:\Program Files\Microsoft Visual Studio\2022\Community\VC\Tools\MSVC\14.37.32822\bin\HostX64\x64\link.exe /ERRORREPORT:PROMPT /OUT:"D:\лабораторные работы\кпо\lab08\x64\Debug\lab08.exe" /INCREMENTAL /ILK:"x64\Debug\lab08.ilk" /NOLOGO kernel32.lib user32.lib gdi32.lib winspool.lib comdlg32.lib advapi32.lib shell32.lib ole32.lib oleaut32.lib uuid.lib odbc32.lib odbccp32.lib /MANIFEST /MANIFESTUAC:"level='asInvoker' uiAccess='false'" /manifest:embed /DEBUG /PDB:"D:\лабораторные работы\кпо\lab08\x64\Debug\lab08.pdb" /SUBSYSTEM:CONSOLE /TLBID:1 /DYNAMICBASE /NXCOMPAT /IMPLIB:"D:\лабораторные работы\кпо\lab08\x64\Debug\lab08.lib" /MACHINE:X64 x64\Debug\1.obj
         lab08.vcxproj -> D:\лабораторные работы\кпо\lab08\x64\Debug\lab08.exe
       FinalizeBuildStatus:
         Файл "x64\Debug\lab08.tlog\unsuccessfulbuild" удаляется.
         Обращение к "x64\Debug\lab08.tlog\lab08.lastbuildstate".
     1>Сборка проекта "D:\лабораторные работы\кпо\lab08\lab08\lab08.vcxproj" завершена (целевые объекты Build).

Сборка успешно завершена.
    Предупреждений: 0
    Ошибок: 0

Прошло времени 00:00:01.84
